0 info it worked if it ends with ok
1 verbose cli [ '/home/ahb/.nvm/versions/node/v6.2.0/bin/node',
1 verbose cli   '/home/ahb/.nvm/versions/node/v6.2.0/bin/npm',
1 verbose cli   'run',
1 verbose cli   'web' ]
2 info using npm@3.8.9
3 info using node@v6.2.0
4 verbose run-script [ 'preweb', 'web', 'postweb' ]
5 info lifecycle my-electron-app@0.1.0~preweb: my-electron-app@0.1.0
6 silly lifecycle my-electron-app@0.1.0~preweb: no script for preweb, continuing
7 info lifecycle my-electron-app@0.1.0~web: my-electron-app@0.1.0
8 verbose lifecycle my-electron-app@0.1.0~web: unsafe-perm in lifecycle true
9 verbose lifecycle my-electron-app@0.1.0~web: PATH: /home/ahb/.nvm/versions/node/v6.2.0/lib/node_modules/npm/bin/node-gyp-bin:/home/ahb/PhpstormProjects/React/Vanilla/Pomodoro_/Pomodoro/node_modules/.bin:/home/ahb/.nvm/versions/node/v6.2.0/bin:/home/ahb/.nvm/versions/node/v6.2.0/bin:/usr/local/sbin:/usr/local/bin:/usr/sbin:/usr/bin:/sbin:/bin:/usr/games:/usr/local/games
10 verbose lifecycle my-electron-app@0.1.0~web: CWD: /home/ahb/PhpstormProjects/React/Vanilla/Pomodoro_/Pomodoro
11 silly lifecycle my-electron-app@0.1.0~web: Args: [ '-c', 'webpack-dev-server' ]
12 silly lifecycle my-electron-app@0.1.0~web: Returned: code: 1  signal: null
13 info lifecycle my-electron-app@0.1.0~web: Failed to exec web script
14 verbose stack Error: my-electron-app@0.1.0 web: `webpack-dev-server`
14 verbose stack Exit status 1
14 verbose stack     at EventEmitter.<anonymous> (/home/ahb/.nvm/versions/node/v6.2.0/lib/node_modules/npm/lib/utils/lifecycle.js:245:16)
14 verbose stack     at emitTwo (events.js:106:13)
14 verbose stack     at EventEmitter.emit (events.js:191:7)
14 verbose stack     at ChildProcess.<anonymous> (/home/ahb/.nvm/versions/node/v6.2.0/lib/node_modules/npm/lib/utils/spawn.js:24:14)
14 verbose stack     at emitTwo (events.js:106:13)
14 verbose stack     at ChildProcess.emit (events.js:191:7)
14 verbose stack     at maybeClose (internal/child_process.js:850:16)
14 verbose stack     at Process.ChildProcess._handle.onexit (internal/child_process.js:215:5)
15 verbose pkgid my-electron-app@0.1.0
16 verbose cwd /home/ahb/PhpstormProjects/React/Vanilla/Pomodoro_/Pomodoro
17 error Linux 3.19.0-32-generic
18 error argv "/home/ahb/.nvm/versions/node/v6.2.0/bin/node" "/home/ahb/.nvm/versions/node/v6.2.0/bin/npm" "run" "web"
19 error node v6.2.0
20 error npm  v3.8.9
21 error code ELIFECYCLE
22 error my-electron-app@0.1.0 web: `webpack-dev-server`
22 error Exit status 1
23 error Failed at the my-electron-app@0.1.0 web script 'webpack-dev-server'.
23 error Make sure you have the latest version of node.js and npm installed.
23 error If you do, this is most likely a problem with the my-electron-app package,
23 error not with npm itself.
23 error Tell the author that this fails on your system:
23 error     webpack-dev-server
23 error You can get information on how to open an issue for this project with:
23 error     npm bugs my-electron-app
23 error Or if that isn't available, you can get their info via:
23 error     npm owner ls my-electron-app
23 error There is likely additional logging output above.
24 verbose exit [ 1, true ]
